[ 2013-01-18T14:58:11+08:00 ] 0.0.0.0 /coolbook/?g=admin&m=index&a=login
INFO: [ app_begin ] --START--
INFO: Run ReadHtmlCache Behavior [ RunTime:0.000917s ]
SQL: SHOW COLUMNS FROM `pin_ipban` [ RunTime:0.006757s ]
SQL: DELETE FROM `pin_ipban` WHERE expires_time <> 0 AND expires_time < 1358492290 [ RunTime:0.000437s ]
SQL: SELECT COUNT(*) AS tp_count FROM `pin_ipban` WHERE ( `type` = 'ip' ) AND ( `name` = '0.0.0.0' ) LIMIT 1   [ RunTime:0.000408s ]
INFO: Run check_ipban Behavior [ RunTime:-0.000112s ]
INFO: Run load_lang Behavior [ RunTime:-0.027550s ]
INFO: [ app_begin ] --END-- [ RunTime:0.032523s ]
NOTIC: [8] Undefined index: admin E:\wamp\www\coolbook\app\Lib\Action\backendAction.class.php 第 236 行.
SQL: SHOW COLUMNS FROM `pin_menu` [ RunTime:0.051127s ]
INFO: [ view_template ] --START--
INFO: Run basic_template Behavior [ RunTime:-0.145122s ]
INFO: [ view_template ] --END-- [ RunTime:0.082118s ]
INFO: [ view_parse ] --START--
NOTIC: [8] Undefined index: extension E:\wamp\www\coolbook\_core\Common\functions.php 第 235 行.
NOTIC: [8] Undefined index: extension E:\wamp\www\coolbook\_core\Common\functions.php 第 235 行.
NOTIC: [8] Undefined index: extension E:\wamp\www\coolbook\_core\Common\functions.php 第 235 行.
INFO: Run ParseTemplate Behavior [ RunTime:-0.227404s ]
INFO: [ view_parse ] --END-- [ RunTime:0.194644s ]
INFO: [ view_filter ] --START--
INFO: Run ContentReplace Behavior [ RunTime:-0.422245s ]
INFO: Run TokenBuild Behavior [ RunTime:-0.433364s ]
INFO: Run WriteHtmlCache Behavior [ RunTime:-0.449429s ]
INFO: Run ShowRuntime Behavior [ RunTime:-0.453630s ]
INFO: Run content_replace Behavior [ RunTime:-0.461010s ]
INFO: [ view_filter ] --END-- [ RunTime:0.049405s ]
INFO: [ view_end ] --START--
INFO: Run ShowPageTrace Behavior [ RunTime:-0.471882s ]
INFO: [ view_end ] --END-- [ RunTime:0.039029s ]

[ 2013-01-18T14:58:12+08:00 ] 0.0.0.0 /coolbook/?g=admin&m=index&a=verify_code&t=1358492291
INFO: [ app_begin ] --START--
INFO: Run ReadHtmlCache Behavior [ RunTime:0.000959s ]
SQL: SHOW COLUMNS FROM `pin_ipban` [ RunTime:0.007876s ]
SQL: DELETE FROM `pin_ipban` WHERE expires_time <> 0 AND expires_time < 1358492291 [ RunTime:0.000437s ]
SQL: SELECT COUNT(*) AS tp_count FROM `pin_ipban` WHERE ( `type` = 'ip' ) AND ( `name` = '0.0.0.0' ) LIMIT 1   [ RunTime:0.000423s ]
INFO: Run check_ipban Behavior [ RunTime:-0.000114s ]
INFO: Run load_lang Behavior [ RunTime:-0.023031s ]
INFO: [ app_begin ] --END-- [ RunTime:0.026814s ]
NOTIC: [8] Undefined index: admin E:\wamp\www\coolbook\app\Lib\Action\backendAction.class.php 第 236 行.
SQL: SHOW COLUMNS FROM `pin_menu` [ RunTime:0.007233s ]

[ 2013-01-18T14:58:18+08:00 ] 0.0.0.0 /coolbook/?g=admin&m=index&a=login
INFO: [ app_begin ] --START--
INFO: Run ReadHtmlCache Behavior [ RunTime:0.000979s ]
SQL: SHOW COLUMNS FROM `pin_ipban` [ RunTime:0.021850s ]
SQL: DELETE FROM `pin_ipban` WHERE expires_time <> 0 AND expires_time < 1358492298 [ RunTime:0.000357s ]
SQL: SELECT COUNT(*) AS tp_count FROM `pin_ipban` WHERE ( `type` = 'ip' ) AND ( `name` = '0.0.0.0' ) LIMIT 1   [ RunTime:0.000337s ]
INFO: Run check_ipban Behavior [ RunTime:-0.000155s ]
INFO: Run load_lang Behavior [ RunTime:-0.047573s ]
INFO: [ app_begin ] --END-- [ RunTime:0.052161s ]
NOTIC: [8] Undefined index: admin E:\wamp\www\coolbook\app\Lib\Action\backendAction.class.php 第 236 行.
SQL: SHOW COLUMNS FROM `pin_menu` [ RunTime:0.007394s ]
SQL: SHOW COLUMNS FROM `pin_admin` [ RunTime:0.035575s ]
SQL: SELECT * FROM `pin_admin` WHERE ( `username` = 'admin' ) AND ( `status` = 1 ) LIMIT 1   [ RunTime:0.028227s ]
SQL: UPDATE `pin_admin` SET `last_time`=1358492298,`last_ip`='0.0.0.0' WHERE ( `id` = 1 ) [ RunTime:0.050429s ]
NOTIC: [8] Undefined index: extension E:\wamp\www\coolbook\_core\Common\functions.php 第 235 行.
INFO: [ view_template ] --START--
INFO: Run basic_template Behavior [ RunTime:-0.201416s ]
INFO: [ view_template ] --END-- [ RunTime:0.019273s ]
INFO: [ view_parse ] --START--
INFO: Run ParseTemplate Behavior [ RunTime:-0.220875s ]
INFO: [ view_parse ] --END-- [ RunTime:0.070544s ]
INFO: [ view_filter ] --START--
INFO: Run ContentReplace Behavior [ RunTime:-0.291576s ]
INFO: Run TokenBuild Behavior [ RunTime:-0.292605s ]
INFO: Run WriteHtmlCache Behavior [ RunTime:-0.293670s ]
INFO: Run ShowRuntime Behavior [ RunTime:-0.294462s ]
INFO: Run content_replace Behavior [ RunTime:-0.295669s ]
INFO: [ view_filter ] --END-- [ RunTime:0.005113s ]
INFO: [ view_end ] --START--
INFO: Run ShowPageTrace Behavior [ RunTime:-0.296910s ]
INFO: [ view_end ] --END-- [ RunTime:0.001322s ]

[ 2013-01-18T14:58:20+08:00 ] 0.0.0.0 /coolbook/?g=admin&m=index&a=index
INFO: [ app_begin ] --START--
INFO: Run ReadHtmlCache Behavior [ RunTime:0.000999s ]
SQL: SHOW COLUMNS FROM `pin_ipban` [ RunTime:0.014820s ]
SQL: DELETE FROM `pin_ipban` WHERE expires_time <> 0 AND expires_time < 1358492300 [ RunTime:0.000438s ]
SQL: SELECT COUNT(*) AS tp_count FROM `pin_ipban` WHERE ( `type` = 'ip' ) AND ( `name` = '0.0.0.0' ) LIMIT 1   [ RunTime:0.000406s ]
INFO: Run check_ipban Behavior [ RunTime:-0.000125s ]
INFO: Run load_lang Behavior [ RunTime:-0.030070s ]
INFO: [ app_begin ] --END-- [ RunTime:0.034397s ]
SQL: SHOW COLUMNS FROM `pin_menu` [ RunTime:0.008215s ]
SQL: SHOW COLUMNS FROM `pin_menu` [ RunTime:0.007402s ]
SQL: SELECT * FROM `pin_menu` WHERE (  ( `pid` = 0 ) ) AND ( `display` = 1 ) ORDER BY ordid  [ RunTime:0.026856s ]
INFO: [ view_template ] --START--
INFO: Run basic_template Behavior [ RunTime:-0.085267s ]
INFO: [ view_template ] --END-- [ RunTime:0.001654s ]
INFO: [ view_parse ] --START--
NOTIC: [8] Undefined index: extension E:\wamp\www\coolbook\_core\Common\functions.php 第 235 行.
NOTIC: [8] Undefined index: extension E:\wamp\www\coolbook\_core\Common\functions.php 第 235 行.
NOTIC: [8] Undefined index: extension E:\wamp\www\coolbook\_core\Common\functions.php 第 235 行.
NOTIC: [8] Undefined index: extension E:\wamp\www\coolbook\_core\Common\functions.php 第 235 行.
NOTIC: [8] Undefined index: extension E:\wamp\www\coolbook\_core\Common\functions.php 第 235 行.
INFO: Run ParseTemplate Behavior [ RunTime:-0.087101s ]
INFO: [ view_parse ] --END-- [ RunTime:0.044831s ]
INFO: [ view_filter ] --START--
INFO: Run ContentReplace Behavior [ RunTime:-0.132080s ]
INFO: Run TokenBuild Behavior [ RunTime:-0.133196s ]
INFO: Run WriteHtmlCache Behavior [ RunTime:-0.134248s ]
INFO: Run ShowRuntime Behavior [ RunTime:-0.135035s ]
INFO: Run content_replace Behavior [ RunTime:-0.136229s ]
INFO: [ view_filter ] --END-- [ RunTime:0.005206s ]
INFO: [ view_end ] --START--
INFO: Run ShowPageTrace Behavior [ RunTime:-0.137519s ]
INFO: [ view_end ] --END-- [ RunTime:0.001347s ]

[ 2013-01-18T14:58:21+08:00 ] 0.0.0.0 /coolbook/?g=admin&m=index&a=panel
INFO: [ app_begin ] --START--
INFO: Run ReadHtmlCache Behavior [ RunTime:0.000920s ]
SQL: SHOW COLUMNS FROM `pin_ipban` [ RunTime:0.009259s ]
SQL: DELETE FROM `pin_ipban` WHERE expires_time <> 0 AND expires_time < 1358492300 [ RunTime:0.000470s ]
SQL: SELECT COUNT(*) AS tp_count FROM `pin_ipban` WHERE ( `type` = 'ip' ) AND ( `name` = '0.0.0.0' ) LIMIT 1   [ RunTime:0.000565s ]
INFO: Run check_ipban Behavior [ RunTime:-0.000117s ]
INFO: Run load_lang Behavior [ RunTime:-0.024455s ]
INFO: [ app_begin ] --END-- [ RunTime:0.028297s ]
SQL: SHOW COLUMNS FROM `pin_menu` [ RunTime:0.006409s ]
INFO: [ view_template ] --START--
INFO: Run basic_template Behavior [ RunTime:-0.059305s ]
INFO: [ view_template ] --END-- [ RunTime:0.001796s ]
INFO: [ view_parse ] --START--
INFO: [ view_template ] --START--
INFO: Run basic_template Behavior [ RunTime:-0.104366s ]
INFO: [ view_template ] --END-- [ RunTime:-0.043246s ]
NOTIC: [8] Undefined variable: sub_menu E:\wamp\www\coolbook\data\runtime\Cache\admin\ba3d2a4c7110487814df26e78e828b96.php 第 21 行.
NOTIC: [8] Undefined variable: big_menu E:\wamp\www\coolbook\data\runtime\Cache\admin\ba3d2a4c7110487814df26e78e828b96.php 第 21 行.
INFO: Run ParseTemplate Behavior [ RunTime:-0.104366s ]
INFO: [ view_parse ] --END-- [ RunTime:0.125400s ]
INFO: [ view_filter ] --START--
INFO: Run ContentReplace Behavior [ RunTime:-0.186807s ]
INFO: Run TokenBuild Behavior [ RunTime:-0.188525s ]
INFO: Run WriteHtmlCache Behavior [ RunTime:-0.190047s ]
INFO: Run ShowRuntime Behavior [ RunTime:-0.190830s ]
INFO: Run content_replace Behavior [ RunTime:-0.192034s ]
INFO: [ view_filter ] --END-- [ RunTime:0.006273s ]
INFO: [ view_end ] --START--
INFO: Run ShowPageTrace Behavior [ RunTime:-0.193314s ]
INFO: [ view_end ] --END-- [ RunTime:0.001388s ]

[ 2013-01-18T14:58:21+08:00 ] 0.0.0.0 /coolbook/?g=admin&m=index&a=left
INFO: [ app_begin ] --START--
INFO: Run ReadHtmlCache Behavior [ RunTime:0.001274s ]
SQL: SHOW COLUMNS FROM `pin_ipban` [ RunTime:0.042866s ]
SQL: DELETE FROM `pin_ipban` WHERE expires_time <> 0 AND expires_time < 1358492301 [ RunTime:0.000345s ]
SQL: SELECT COUNT(*) AS tp_count FROM `pin_ipban` WHERE ( `type` = 'ip' ) AND ( `name` = '0.0.0.0' ) LIMIT 1   [ RunTime:0.000336s ]
INFO: Run check_ipban Behavior [ RunTime:-0.000106s ]
INFO: Run load_lang Behavior [ RunTime:-0.062501s ]
INFO: [ app_begin ] --END-- [ RunTime:0.068583s ]
SQL: SHOW COLUMNS FROM `pin_menu` [ RunTime:0.007740s ]
SQL: SELECT * FROM `pin_menu` WHERE ( `often` = 1 )  [ RunTime:0.000586s ]
INFO: [ view_template ] --START--
INFO: Run basic_template Behavior [ RunTime:-0.128337s ]
INFO: [ view_template ] --END-- [ RunTime:0.002540s ]
INFO: [ view_parse ] --START--
NOTIC: [8] Undefined index: extension E:\wamp\www\coolbook\_core\Common\functions.php 第 235 行.
NOTIC: [8] Undefined index: data E:\wamp\www\coolbook\data\runtime\Cache\admin\8bbf59c365bdf6267b9eb5e67d22693d.php 第 3 行.
NOTIC: [8] Undefined index: extension E:\wamp\www\coolbook\_core\Common\functions.php 第 235 行.
NOTIC: [8] Undefined index: extension E:\wamp\www\coolbook\_core\Common\functions.php 第 235 行.
INFO: Run ParseTemplate Behavior [ RunTime:-0.131045s ]
INFO: [ view_parse ] --END-- [ RunTime:0.207175s ]
INFO: [ view_filter ] --START--
INFO: Run ContentReplace Behavior [ RunTime:-0.338349s ]
INFO: Run TokenBuild Behavior [ RunTime:-0.339408s ]
INFO: Run WriteHtmlCache Behavior [ RunTime:-0.340442s ]
INFO: Run ShowRuntime Behavior [ RunTime:-0.341209s ]
INFO: Run content_replace Behavior [ RunTime:-0.342355s ]
INFO: [ view_filter ] --END-- [ RunTime:0.005734s ]
INFO: [ view_end ] --START--
INFO: Run ShowPageTrace Behavior [ RunTime:-0.344306s ]
INFO: [ view_end ] --END-- [ RunTime:0.001406s ]

[ 2013-01-18T14:58:29+08:00 ] 0.0.0.0 /coolbook/?g=admin&m=item&a=index&menuid=52
INFO: [ app_begin ] --START--
INFO: Run ReadHtmlCache Behavior [ RunTime:0.001051s ]
SQL: SHOW COLUMNS FROM `pin_ipban` [ RunTime:0.021844s ]
SQL: DELETE FROM `pin_ipban` WHERE expires_time <> 0 AND expires_time < 1358492308 [ RunTime:0.000437s ]
SQL: SELECT COUNT(*) AS tp_count FROM `pin_ipban` WHERE ( `type` = 'ip' ) AND ( `name` = '0.0.0.0' ) LIMIT 1   [ RunTime:0.000412s ]
INFO: Run check_ipban Behavior [ RunTime:-0.000121s ]
INFO: Run load_lang Behavior [ RunTime:-0.044296s ]
INFO: [ app_begin ] --END-- [ RunTime:0.048161s ]
SQL: SHOW COLUMNS FROM `pin_menu` [ RunTime:0.007380s ]
SQL: SHOW COLUMNS FROM `pin_menu` [ RunTime:0.007112s ]
SQL: SELECT * FROM `pin_menu` WHERE (  ( `pid` = 52 ) ) AND ( `display` = 1 ) ORDER BY ordid  [ RunTime:0.000653s ]
NOTIC: [2] strpos() [<a href='function.strpos'>function.strpos</a>]: Empty delimiter E:\wamp\www\coolbook\app\Lib\Action\backendAction.class.php 第 21 行.
SQL: SHOW COLUMNS FROM `pin_item` [ RunTime:0.158187s ]
SQL: SHOW COLUMNS FROM `pin_item_cate` [ RunTime:0.134532s ]
SQL: SELECT `id`,`name` FROM `pin_item_cate`  [ RunTime:0.018553s ]
NOTIC: [8] Undefined index: status E:\wamp\www\coolbook\app\Lib\Action\admin\itemAction.class.php 第 48 行.
NOTIC: [8] Undefined variable: spid E:\wamp\www\coolbook\app\Lib\Action\admin\itemAction.class.php 第 64 行.
SQL: SELECT COUNT(id) AS tp_count FROM `pin_item` LIMIT 1   [ RunTime:0.000373s ]
NOTIC: [8] Undefined index: extension E:\wamp\www\coolbook\_core\Common\functions.php 第 235 行.
SQL: SELECT * FROM `pin_item` ORDER BY ordid ASC, add_time DESC LIMIT 0,20   [ RunTime:0.077687s ]
INFO: [ view_template ] --START--
INFO: Run basic_template Behavior [ RunTime:-0.727427s ]
INFO: [ view_template ] --END-- [ RunTime:0.130676s ]
INFO: [ view_parse ] --START--
INFO: [ view_template ] --START--
INFO: Run basic_template Behavior [ RunTime:-0.901373s ]
INFO: [ view_template ] --END-- [ RunTime:-0.043239s ]
INFO: [ view_template ] --START--
INFO: Run basic_template Behavior [ RunTime:-0.902792s ]
INFO: [ view_template ] --END-- [ RunTime:-0.044674s ]
NOTIC: [8] Undefined index: extension E:\wamp\www\coolbook\_core\Common\functions.php 第 235 行.
NOTIC: [8] Undefined index: extension E:\wamp\www\coolbook\_core\Common\functions.php 第 235 行.
NOTIC: [8] Undefined index: extension E:\wamp\www\coolbook\_core\Common\functions.php 第 235 行.
NOTIC: [8] Undefined index: extension E:\wamp\www\coolbook\_core\Common\functions.php 第 235 行.
NOTIC: [8] Undefined index: colors E:\wamp\www\coolbook\data\runtime\Cache\admin\6090765389774d6a15ddce11022e141b.php 第 122 行.
NOTIC: [8] Undefined index: extension E:\wamp\www\coolbook\_core\Common\functions.php 第 235 行.
NOTIC: [8] Undefined index: extension E:\wamp\www\coolbook\_core\Common\functions.php 第 235 行.
NOTIC: [8] Undefined index: colors E:\wamp\www\coolbook\data\runtime\Cache\admin\6090765389774d6a15ddce11022e141b.php 第 122 行.
NOTIC: [8] Undefined index: extension E:\wamp\www\coolbook\_core\Common\functions.php 第 235 行.
NOTIC: [8] Undefined index: extension E:\wamp\www\coolbook\_core\Common\functions.php 第 235 行.
NOTIC: [8] Undefined index: colors E:\wamp\www\coolbook\data\runtime\Cache\admin\6090765389774d6a15ddce11022e141b.php 第 122 行.
NOTIC: [8] Undefined index: extension E:\wamp\www\coolbook\_core\Common\functions.php 第 235 行.
NOTIC: [8] Undefined index: extension E:\wamp\www\coolbook\_core\Common\functions.php 第 235 行.
NOTIC: [8] Undefined index: colors E:\wamp\www\coolbook\data\runtime\Cache\admin\6090765389774d6a15ddce11022e141b.php 第 122 行.
NOTIC: [8] Undefined index: extension E:\wamp\www\coolbook\_core\Common\functions.php 第 235 行.
NOTIC: [8] Undefined index: extension E:\wamp\www\coolbook\_core\Common\functions.php 第 235 行.
NOTIC: [8] Undefined index: colors E:\wamp\www\coolbook\data\runtime\Cache\admin\6090765389774d6a15ddce11022e141b.php 第 122 行.
NOTIC: [8] Undefined index: extension E:\wamp\www\coolbook\_core\Common\functions.php 第 235 行.
NOTIC: [8] Undefined index: extension E:\wamp\www\coolbook\_core\Common\functions.php 第 235 行.
NOTIC: [8] Undefined index: colors E:\wamp\www\coolbook\data\runtime\Cache\admin\6090765389774d6a15ddce11022e141b.php 第 122 行.
NOTIC: [8] Undefined index: extension E:\wamp\www\coolbook\_core\Common\functions.php 第 235 行.
NOTIC: [8] Undefined index: extension E:\wamp\www\coolbook\_core\Common\functions.php 第 235 行.
NOTIC: [8] Undefined index: colors E:\wamp\www\coolbook\data\runtime\Cache\admin\6090765389774d6a15ddce11022e141b.php 第 122 行.
NOTIC: [8] Undefined index: extension E:\wamp\www\coolbook\_core\Common\functions.php 第 235 行.
NOTIC: [8] Undefined index: extension E:\wamp\www\coolbook\_core\Common\functions.php 第 235 行.
NOTIC: [8] Undefined index: colors E:\wamp\www\coolbook\data\runtime\Cache\admin\6090765389774d6a15ddce11022e141b.php 第 122 行.
NOTIC: [8] Undefined index: extension E:\wamp\www\coolbook\_core\Common\functions.php 第 235 行.
NOTIC: [8] Undefined index: extension E:\wamp\www\coolbook\_core\Common\functions.php 第 235 行.
NOTIC: [8] Undefined index: colors E:\wamp\www\coolbook\data\runtime\Cache\admin\6090765389774d6a15ddce11022e141b.php 第 122 行.
NOTIC: [8] Undefined index: extension E:\wamp\www\coolbook\_core\Common\functions.php 第 235 行.
NOTIC: [8] Undefined index: extension E:\wamp\www\coolbook\_core\Common\functions.php 第 235 行.
NOTIC: [8] Undefined index: colors E:\wamp\www\coolbook\data\runtime\Cache\admin\6090765389774d6a15ddce11022e141b.php 第 122 行.
NOTIC: [8] Undefined index: extension E:\wamp\www\coolbook\_core\Common\functions.php 第 235 行.
NOTIC: [8] Undefined index: extension E:\wamp\www\coolbook\_core\Common\functions.php 第 235 行.
NOTIC: [8] Undefined index: colors E:\wamp\www\coolbook\data\runtime\Cache\admin\6090765389774d6a15ddce11022e141b.php 第 122 行.
NOTIC: [8] Undefined index: extension E:\wamp\www\coolbook\_core\Common\functions.php 第 235 行.
NOTIC: [8] Undefined index: extension E:\wamp\www\coolbook\_core\Common\functions.php 第 235 行.
NOTIC: [8] Undefined index: colors E:\wamp\www\coolbook\data\runtime\Cache\admin\6090765389774d6a15ddce11022e141b.php 第 122 行.
NOTIC: [8] Undefined index: extension E:\wamp\www\coolbook\_core\Common\functions.php 第 235 行.
NOTIC: [8] Undefined index: extension E:\wamp\www\coolbook\_core\Common\functions.php 第 235 行.
NOTIC: [8] Undefined index: colors E:\wamp\www\coolbook\data\runtime\Cache\admin\6090765389774d6a15ddce11022e141b.php 第 122 行.
NOTIC: [8] Undefined index: extension E:\wamp\www\coolbook\_core\Common\functions.php 第 235 行.
NOTIC: [8] Undefined index: extension E:\wamp\www\coolbook\_core\Common\functions.php 第 235 行.
NOTIC: [8] Undefined index: colors E:\wamp\www\coolbook\data\runtime\Cache\admin\6090765389774d6a15ddce11022e141b.php 第 122 行.
NOTIC: [8] Undefined index: extension E:\wamp\www\coolbook\_core\Common\functions.php 第 235 行.
NOTIC: [8] Undefined index: extension E:\wamp\www\coolbook\_core\Common\functions.php 第 235 行.
NOTIC: [8] Undefined index: colors E:\wamp\www\coolbook\data\runtime\Cache\admin\6090765389774d6a15ddce11022e141b.php 第 122 行.
NOTIC: [8] Undefined index: extension E:\wamp\www\coolbook\_core\Common\functions.php 第 235 行.
NOTIC: [8] Undefined index: extension E:\wamp\www\coolbook\_core\Common\functions.php 第 235 行.
NOTIC: [8] Undefined index: colors E:\wamp\www\coolbook\data\runtime\Cache\admin\6090765389774d6a15ddce11022e141b.php 第 122 行.
NOTIC: [8] Undefined index: extension E:\wamp\www\coolbook\_core\Common\functions.php 第 235 行.
NOTIC: [8] Undefined index: extension E:\wamp\www\coolbook\_core\Common\functions.php 第 235 行.
NOTIC: [8] Undefined index: colors E:\wamp\www\coolbook\data\runtime\Cache\admin\6090765389774d6a15ddce11022e141b.php 第 122 行.
NOTIC: [8] Undefined index: extension E:\wamp\www\coolbook\_core\Common\functions.php 第 235 行.
NOTIC: [8] Undefined index: extension E:\wamp\www\coolbook\_core\Common\functions.php 第 235 行.
NOTIC: [8] Undefined index: colors E:\wamp\www\coolbook\data\runtime\Cache\admin\6090765389774d6a15ddce11022e141b.php 第 122 行.
NOTIC: [8] Undefined index: extension E:\wamp\www\coolbook\_core\Common\functions.php 第 235 行.
NOTIC: [8] Undefined index: extension E:\wamp\www\coolbook\_core\Common\functions.php 第 235 行.
NOTIC: [8] Undefined index: colors E:\wamp\www\coolbook\data\runtime\Cache\admin\6090765389774d6a15ddce11022e141b.php 第 122 行.
NOTIC: [8] Undefined index: extension E:\wamp\www\coolbook\_core\Common\functions.php 第 235 行.
NOTIC: [8] Undefined index: extension E:\wamp\www\coolbook\_core\Common\functions.php 第 235 行.
NOTIC: [8] Undefined index: colors E:\wamp\www\coolbook\data\runtime\Cache\admin\6090765389774d6a15ddce11022e141b.php 第 122 行.
NOTIC: [8] Undefined index: extension E:\wamp\www\coolbook\_core\Common\functions.php 第 235 行.
NOTIC: [8] Undefined index: extension E:\wamp\www\coolbook\_core\Common\functions.php 第 235 行.
NOTIC: [8] Undefined index: extension E:\wamp\www\coolbook\_core\Common\functions.php 第 235 行.
INFO: Run ParseTemplate Behavior [ RunTime:-0.902792s ]
INFO: [ view_parse ] --END-- [ RunTime:0.182671s ]
INFO: [ view_filter ] --START--
INFO: Run ContentReplace Behavior [ RunTime:-1.041122s ]
INFO: Run TokenBuild Behavior [ RunTime:-1.042691s ]
INFO: Run WriteHtmlCache Behavior [ RunTime:-1.043841s ]
INFO: Run ShowRuntime Behavior [ RunTime:-1.044633s ]
INFO: Run content_replace Behavior [ RunTime:-1.046136s ]
INFO: [ view_filter ] --END-- [ RunTime:0.006432s ]
INFO: [ view_end ] --START--
INFO: Run ShowPageTrace Behavior [ RunTime:-1.047827s ]
INFO: [ view_end ] --END-- [ RunTime:0.002204s ]

[ 2013-01-18T14:58:30+08:00 ] 0.0.0.0 /coolbook/?g=admin&m=index&a=left
INFO: [ app_begin ] --START--
INFO: Run ReadHtmlCache Behavior [ RunTime:0.000890s ]
SQL: SHOW COLUMNS FROM `pin_ipban` [ RunTime:0.007201s ]
SQL: DELETE FROM `pin_ipban` WHERE expires_time <> 0 AND expires_time < 1358492309 [ RunTime:0.000369s ]
SQL: SELECT COUNT(*) AS tp_count FROM `pin_ipban` WHERE ( `type` = 'ip' ) AND ( `name` = '0.0.0.0' ) LIMIT 1   [ RunTime:0.000375s ]
INFO: Run check_ipban Behavior [ RunTime:-0.000097s ]
INFO: Run load_lang Behavior [ RunTime:-0.022235s ]
INFO: [ app_begin ] --END-- [ RunTime:0.026134s ]
SQL: SHOW COLUMNS FROM `pin_menu` [ RunTime:0.006938s ]
SQL: SHOW COLUMNS FROM `pin_menu` [ RunTime:0.006240s ]
SQL: SELECT * FROM `pin_menu` WHERE (  ( `pid` = 50 ) ) AND ( `display` = 1 ) ORDER BY ordid  [ RunTime:0.000656s ]
SQL: SELECT * FROM `pin_menu` WHERE (  ( `pid` = 50 ) ) AND ( `display` = 1 ) ORDER BY ordid  [ RunTime:0.000791s ]
SQL: SELECT * FROM `pin_menu` WHERE (  ( `pid` = 51 ) ) AND ( `display` = 1 ) ORDER BY ordid  [ RunTime:0.000819s ]
SQL: SELECT * FROM `pin_menu` WHERE (  ( `pid` = 164 ) ) AND ( `display` = 1 ) ORDER BY ordid  [ RunTime:0.000788s ]
SQL: SELECT * FROM `pin_menu` WHERE (  ( `pid` = 287 ) ) AND ( `display` = 1 ) ORDER BY ordid  [ RunTime:0.314379s ]
INFO: [ view_template ] --START--
INFO: Run basic_template Behavior [ RunTime:-0.370828s ]
INFO: [ view_template ] --END-- [ RunTime:0.001564s ]
INFO: [ view_parse ] --START--
NOTIC: [8] Undefined index: extension E:\wamp\www\coolbook\_core\Common\functions.php 第 235 行.
NOTIC: [8] Undefined index: extension E:\wamp\www\coolbook\_core\Common\functions.php 第 235 行.
NOTIC: [8] Undefined index: extension E:\wamp\www\coolbook\_core\Common\functions.php 第 235 行.
NOTIC: [8] Undefined index: extension E:\wamp\www\coolbook\_core\Common\functions.php 第 235 行.
NOTIC: [8] Undefined index: extension E:\wamp\www\coolbook\_core\Common\functions.php 第 235 行.
NOTIC: [8] Undefined index: extension E:\wamp\www\coolbook\_core\Common\functions.php 第 235 行.
NOTIC: [8] Undefined index: extension E:\wamp\www\coolbook\_core\Common\functions.php 第 235 行.
NOTIC: [8] Undefined index: extension E:\wamp\www\coolbook\_core\Common\functions.php 第 235 行.
NOTIC: [8] Undefined index: extension E:\wamp\www\coolbook\_core\Common\functions.php 第 235 行.
NOTIC: [8] Undefined index: extension E:\wamp\www\coolbook\_core\Common\functions.php 第 235 行.
NOTIC: [8] Undefined index: extension E:\wamp\www\coolbook\_core\Common\functions.php 第 235 行.
INFO: Run ParseTemplate Behavior [ RunTime:-0.372548s ]
INFO: [ view_parse ] --END-- [ RunTime:0.030685s ]
INFO: [ view_filter ] --START--
INFO: Run ContentReplace Behavior [ RunTime:-0.403372s ]
INFO: Run TokenBuild Behavior [ RunTime:-0.404472s ]
INFO: Run WriteHtmlCache Behavior [ RunTime:-0.405755s ]
INFO: Run ShowRuntime Behavior [ RunTime:-0.406478s ]
INFO: Run content_replace Behavior [ RunTime:-0.407582s ]
INFO: [ view_filter ] --END-- [ RunTime:0.005151s ]
INFO: [ view_end ] --START--
INFO: Run ShowPageTrace Behavior [ RunTime:-0.408733s ]
INFO: [ view_end ] --END-- [ RunTime:0.001262s ]

[ 2013-01-18T14:58:31+08:00 ] 0.0.0.0 /coolbook/?g=admin&m=brand&a=index&menuid=288
INFO: [ app_begin ] --START--
INFO: Run ReadHtmlCache Behavior [ RunTime:0.000925s ]
SQL: SHOW COLUMNS FROM `pin_ipban` [ RunTime:0.007477s ]
SQL: DELETE FROM `pin_ipban` WHERE expires_time <> 0 AND expires_time < 1358492311 [ RunTime:0.000421s ]
SQL: SELECT COUNT(*) AS tp_count FROM `pin_ipban` WHERE ( `type` = 'ip' ) AND ( `name` = '0.0.0.0' ) LIMIT 1   [ RunTime:0.000360s ]
INFO: Run check_ipban Behavior [ RunTime:-0.000113s ]
INFO: Run load_lang Behavior [ RunTime:-0.032151s ]
INFO: [ app_begin ] --END-- [ RunTime:0.036891s ]
SQL: SHOW COLUMNS FROM `pin_menu` [ RunTime:0.007220s ]
SQL: SHOW COLUMNS FROM `pin_menu` [ RunTime:0.006514s ]
SQL: SELECT * FROM `pin_menu` WHERE (  ( `pid` = 288 ) ) AND ( `display` = 1 ) ORDER BY ordid  [ RunTime:0.000621s ]
NOTIC: [2] Invalid argument supplied for foreach() E:\wamp\www\coolbook\app\Lib\Action\backendAction.class.php 第 19 行.
NOTIC: [2] Invalid argument supplied for foreach() E:\wamp\www\coolbook\app\Lib\Action\backendAction.class.php 第 26 行.
SQL: SHOW COLUMNS FROM `pin_brand` [ RunTime:0.025849s ]
NOTIC: [8] Undefined index: extension E:\wamp\www\coolbook\_core\Common\functions.php 第 235 行.
SQL: SELECT COUNT(id) AS tp_count FROM `pin_brand` LIMIT 1   [ RunTime:0.000407s ]
SQL: SELECT * FROM `pin_brand` ORDER BY ordid ASC LIMIT 0,20   [ RunTime:0.000431s ]
INFO: [ view_template ] --START--
INFO: Run basic_template Behavior [ RunTime:-0.160769s ]
INFO: [ view_template ] --END-- [ RunTime:0.007966s ]
INFO: [ view_parse ] --START--
INFO: [ view_template ] --START--
INFO: Run basic_template Behavior [ RunTime:-0.180719s ]
INFO: [ view_template ] --END-- [ RunTime:-0.011952s ]
INFO: [ view_template ] --START--
INFO: Run basic_template Behavior [ RunTime:-0.182004s ]
INFO: [ view_template ] --END-- [ RunTime:-0.013249s ]
NOTIC: [8] Undefined index: extension E:\wamp\www\coolbook\_core\Common\functions.php 第 235 行.
NOTIC: [8] Undefined index: extension E:\wamp\www\coolbook\_core\Common\functions.php 第 235 行.
INFO: Run ParseTemplate Behavior [ RunTime:-0.182004s ]
INFO: [ view_parse ] --END-- [ RunTime:0.055570s ]
INFO: [ view_filter ] --START--
INFO: Run ContentReplace Behavior [ RunTime:-0.224634s ]
INFO: Run TokenBuild Behavior [ RunTime:-0.225680s ]
INFO: Run WriteHtmlCache Behavior [ RunTime:-0.226700s ]
INFO: Run ShowRuntime Behavior [ RunTime:-0.227451s ]
INFO: Run content_replace Behavior [ RunTime:-0.228598s ]
INFO: [ view_filter ] --END-- [ RunTime:0.004952s ]
INFO: [ view_end ] --START--
INFO: Run ShowPageTrace Behavior [ RunTime:-0.229825s ]
INFO: [ view_end ] --END-- [ RunTime:0.001475s ]

[ 2013-01-18T14:58:42+08:00 ] 0.0.0.0 /coolbook/?g=admin&m=brand&a=index&menuid=288
INFO: [ app_begin ] --START--
INFO: Run ReadHtmlCache Behavior [ RunTime:0.000918s ]
SQL: SHOW COLUMNS FROM `pin_ipban` [ RunTime:0.008422s ]
SQL: DELETE FROM `pin_ipban` WHERE expires_time <> 0 AND expires_time < 1358492322 [ RunTime:0.000420s ]
SQL: SELECT COUNT(*) AS tp_count FROM `pin_ipban` WHERE ( `type` = 'ip' ) AND ( `name` = '0.0.0.0' ) LIMIT 1   [ RunTime:0.000421s ]
INFO: Run check_ipban Behavior [ RunTime:-0.000217s ]
INFO: Run load_lang Behavior [ RunTime:-0.035886s ]
INFO: [ app_begin ] --END-- [ RunTime:0.040044s ]
SQL: SHOW COLUMNS FROM `pin_menu` [ RunTime:0.008705s ]
SQL: SHOW COLUMNS FROM `pin_menu` [ RunTime:0.006787s ]
SQL: SELECT * FROM `pin_menu` WHERE (  ( `pid` = 288 ) ) AND ( `display` = 1 ) ORDER BY ordid  [ RunTime:0.001490s ]
NOTIC: [2] Invalid argument supplied for foreach() E:\wamp\www\coolbook\app\Lib\Action\backendAction.class.php 第 19 行.
NOTIC: [2] Invalid argument supplied for foreach() E:\wamp\www\coolbook\app\Lib\Action\backendAction.class.php 第 26 行.
SQL: SHOW COLUMNS FROM `pin_brand` [ RunTime:0.006479s ]
NOTIC: [8] Undefined index: extension E:\wamp\www\coolbook\_core\Common\functions.php 第 235 行.
SQL: SELECT COUNT(id) AS tp_count FROM `pin_brand` LIMIT 1   [ RunTime:0.000412s ]
NOTIC: [8] Undefined index: extension E:\wamp\www\coolbook\_core\Common\functions.php 第 235 行.
SQL: SELECT * FROM `pin_brand` ORDER BY ordid ASC LIMIT 0,20   [ RunTime:0.000475s ]
INFO: [ view_template ] --START--
INFO: Run basic_template Behavior [ RunTime:-0.081093s ]
INFO: [ view_template ] --END-- [ RunTime:0.001189s ]
INFO: [ view_parse ] --START--
INFO: [ view_template ] --START--
INFO: Run basic_template Behavior [ RunTime:-0.087685s ]
INFO: [ view_template ] --END-- [ RunTime:-0.005371s ]
INFO: [ view_template ] --START--
INFO: Run basic_template Behavior [ RunTime:-0.088950s ]
INFO: [ view_template ] --END-- [ RunTime:-0.006646s ]
NOTIC: [8] Undefined index: extension E:\wamp\www\coolbook\_core\Common\functions.php 第 235 行.
NOTIC: [8] Undefined index: extension E:\wamp\www\coolbook\_core\Common\functions.php 第 235 行.
NOTIC: [8] Undefined index: extension E:\wamp\www\coolbook\_core\Common\functions.php 第 235 行.
NOTIC: [8] Undefined index: extension E:\wamp\www\coolbook\_core\Common\functions.php 第 235 行.
INFO: Run ParseTemplate Behavior [ RunTime:-0.088950s ]
INFO: [ view_parse ] --END-- [ RunTime:0.039859s ]
INFO: [ view_filter ] --START--
INFO: Run ContentReplace Behavior [ RunTime:-0.122463s ]
INFO: Run TokenBuild Behavior [ RunTime:-0.123551s ]
INFO: Run WriteHtmlCache Behavior [ RunTime:-0.124554s ]
INFO: Run ShowRuntime Behavior [ RunTime:-0.125296s ]
INFO: Run content_replace Behavior [ RunTime:-0.126422s ]
INFO: [ view_filter ] --END-- [ RunTime:0.004949s ]
INFO: [ view_end ] --START--
INFO: Run ShowPageTrace Behavior [ RunTime:-0.127637s ]
INFO: [ view_end ] --END-- [ RunTime:0.001296s ]

[ 2013-01-18T15:20:43+08:00 ] 0.0.0.0 /coolbook/?g=admin&m=item&a=index&menuid=52
INFO: [ app_begin ] --START--
INFO: Run ReadHtmlCache Behavior [ RunTime:0.013528s ]
SQL: SHOW COLUMNS FROM `pin_ipban` [ RunTime:0.018324s ]
SQL: DELETE FROM `pin_ipban` WHERE expires_time <> 0 AND expires_time < 1358493642 [ RunTime:0.000434s ]
SQL: SELECT COUNT(*) AS tp_count FROM `pin_ipban` WHERE ( `type` = 'ip' ) AND ( `name` = '0.0.0.0' ) LIMIT 1   [ RunTime:0.000410s ]
INFO: Run check_ipban Behavior [ RunTime:-0.000109s ]
INFO: Run load_lang Behavior [ RunTime:-0.087310s ]
INFO: [ app_begin ] --END-- [ RunTime:0.114948s ]
SQL: SHOW COLUMNS FROM `pin_menu` [ RunTime:0.013255s ]
SQL: SHOW COLUMNS FROM `pin_menu` [ RunTime:0.006583s ]
SQL: SELECT * FROM `pin_menu` WHERE (  ( `pid` = 52 ) ) AND ( `display` = 1 ) ORDER BY ordid  [ RunTime:0.013801s ]
NOTIC: [2] strpos() [<a href='function.strpos'>function.strpos</a>]: Empty delimiter E:\wamp\www\coolbook\app\Lib\Action\backendAction.class.php 第 21 行.
SQL: SHOW COLUMNS FROM `pin_item` [ RunTime:0.008093s ]
SQL: SHOW COLUMNS FROM `pin_item_cate` [ RunTime:0.015859s ]
SQL: SELECT `id`,`name` FROM `pin_item_cate`  [ RunTime:0.009864s ]
NOTIC: [8] Undefined index: status E:\wamp\www\coolbook\app\Lib\Action\admin\itemAction.class.php 第 48 行.
NOTIC: [8] Undefined variable: spid E:\wamp\www\coolbook\app\Lib\Action\admin\itemAction.class.php 第 64 行.
SQL: SELECT COUNT(id) AS tp_count FROM `pin_item` LIMIT 1   [ RunTime:0.000433s ]
NOTIC: [8] Undefined index: extension E:\wamp\www\coolbook\_core\Common\functions.php 第 235 行.
SQL: SELECT * FROM `pin_item` ORDER BY ordid ASC, add_time DESC LIMIT 0,20   [ RunTime:0.001150s ]
INFO: [ view_template ] --START--
INFO: Run basic_template Behavior [ RunTime:-0.285518s ]
INFO: [ view_template ] --END-- [ RunTime:0.024282s ]
INFO: [ view_parse ] --START--
INFO: [ view_template ] --START--
INFO: Run basic_template Behavior [ RunTime:-0.325277s ]
INFO: [ view_template ] --END-- [ RunTime:-0.015459s ]
INFO: [ view_template ] --START--
INFO: Run basic_template Behavior [ RunTime:-0.343242s ]
INFO: [ view_template ] --END-- [ RunTime:-0.033422s ]
NOTIC: [8] Undefined index: extension E:\wamp\www\coolbook\_core\Common\functions.php 第 235 行.
NOTIC: [8] Undefined index: extension E:\wamp\www\coolbook\_core\Common\functions.php 第 235 行.
NOTIC: [8] Undefined index: extension E:\wamp\www\coolbook\_core\Common\functions.php 第 235 行.
NOTIC: [8] Undefined index: extension E:\wamp\www\coolbook\_core\Common\functions.php 第 235 行.
NOTIC: [8] Undefined index: colors E:\wamp\www\coolbook\data\runtime\Cache\admin\6090765389774d6a15ddce11022e141b.php 第 122 行.
NOTIC: [8] Undefined index: extension E:\wamp\www\coolbook\_core\Common\functions.php 第 235 行.
NOTIC: [8] Undefined index: extension E:\wamp\www\coolbook\_core\Common\functions.php 第 235 行.
NOTIC: [8] Undefined index: colors E:\wamp\www\coolbook\data\runtime\Cache\admin\6090765389774d6a15ddce11022e141b.php 第 122 行.
NOTIC: [8] Undefined index: extension E:\wamp\www\coolbook\_core\Common\functions.php 第 235 行.
NOTIC: [8] Undefined index: extension E:\wamp\www\coolbook\_core\Common\functions.php 第 235 行.
NOTIC: [8] Undefined index: colors E:\wamp\www\coolbook\data\runtime\Cache\admin\6090765389774d6a15ddce11022e141b.php 第 122 行.
NOTIC: [8] Undefined index: extension E:\wamp\www\coolbook\_core\Common\functions.php 第 235 行.
NOTIC: [8] Undefined index: extension E:\wamp\www\coolbook\_core\Common\functions.php 第 235 行.
NOTIC: [8] Undefined index: colors E:\wamp\www\coolbook\data\runtime\Cache\admin\6090765389774d6a15ddce11022e141b.php 第 122 行.
NOTIC: [8] Undefined index: extension E:\wamp\www\coolbook\_core\Common\functions.php 第 235 行.
NOTIC: [8] Undefined index: extension E:\wamp\www\coolbook\_core\Common\functions.php 第 235 行.
NOTIC: [8] Undefined index: colors E:\wamp\www\coolbook\data\runtime\Cache\admin\6090765389774d6a15ddce11022e141b.php 第 122 行.
NOTIC: [8] Undefined index: extension E:\wamp\www\coolbook\_core\Common\functions.php 第 235 行.
NOTIC: [8] Undefined index: extension E:\wamp\www\coolbook\_core\Common\functions.php 第 235 行.
NOTIC: [8] Undefined index: colors E:\wamp\www\coolbook\data\runtime\Cache\admin\6090765389774d6a15ddce11022e141b.php 第 122 行.
NOTIC: [8] Undefined index: extension E:\wamp\www\coolbook\_core\Common\functions.php 第 235 行.
NOTIC: [8] Undefined index: extension E:\wamp\www\coolbook\_core\Common\functions.php 第 235 行.
NOTIC: [8] Undefined index: colors E:\wamp\www\coolbook\data\runtime\Cache\admin\6090765389774d6a15ddce11022e141b.php 第 122 行.
NOTIC: [8] Undefined index: extension E:\wamp\www\coolbook\_core\Common\functions.php 第 235 行.
NOTIC: [8] Undefined index: extension E:\wamp\www\coolbook\_core\Common\functions.php 第 235 行.
NOTIC: [8] Undefined index: colors E:\wamp\www\coolbook\data\runtime\Cache\admin\6090765389774d6a15ddce11022e141b.php 第 122 行.
NOTIC: [8] Undefined index: extension E:\wamp\www\coolbook\_core\Common\functions.php 第 235 行.
NOTIC: [8] Undefined index: extension E:\wamp\www\coolbook\_core\Common\functions.php 第 235 行.
NOTIC: [8] Undefined index: colors E:\wamp\www\coolbook\data\runtime\Cache\admin\6090765389774d6a15ddce11022e141b.php 第 122 行.
NOTIC: [8] Undefined index: extension E:\wamp\www\coolbook\_core\Common\functions.php 第 235 行.
NOTIC: [8] Undefined index: extension E:\wamp\www\coolbook\_core\Common\functions.php 第 235 行.
NOTIC: [8] Undefined index: colors E:\wamp\www\coolbook\data\runtime\Cache\admin\6090765389774d6a15ddce11022e141b.php 第 122 行.
NOTIC: [8] Undefined index: extension E:\wamp\www\coolbook\_core\Common\functions.php 第 235 行.
NOTIC: [8] Undefined index: extension E:\wamp\www\coolbook\_core\Common\functions.php 第 235 行.
NOTIC: [8] Undefined index: colors E:\wamp\www\coolbook\data\runtime\Cache\admin\6090765389774d6a15ddce11022e141b.php 第 122 行.
NOTIC: [8] Undefined index: extension E:\wamp\www\coolbook\_core\Common\functions.php 第 235 行.
NOTIC: [8] Undefined index: extension E:\wamp\www\coolbook\_core\Common\functions.php 第 235 行.
NOTIC: [8] Undefined index: colors E:\wamp\www\coolbook\data\runtime\Cache\admin\6090765389774d6a15ddce11022e141b.php 第 122 行.
NOTIC: [8] Undefined index: extension E:\wamp\www\coolbook\_core\Common\functions.php 第 235 行.
NOTIC: [8] Undefined index: extension E:\wamp\www\coolbook\_core\Common\functions.php 第 235 行.
NOTIC: [8] Undefined index: colors E:\wamp\www\coolbook\data\runtime\Cache\admin\6090765389774d6a15ddce11022e141b.php 第 122 行.
NOTIC: [8] Undefined index: extension E:\wamp\www\coolbook\_core\Common\functions.php 第 235 行.
NOTIC: [8] Undefined index: extension E:\wamp\www\coolbook\_core\Common\functions.php 第 235 行.
NOTIC: [8] Undefined index: colors E:\wamp\www\coolbook\data\runtime\Cache\admin\6090765389774d6a15ddce11022e141b.php 第 122 行.
NOTIC: [8] Undefined index: extension E:\wamp\www\coolbook\_core\Common\functions.php 第 235 行.
NOTIC: [8] Undefined index: extension E:\wamp\www\coolbook\_core\Common\functions.php 第 235 行.
NOTIC: [8] Undefined index: colors E:\wamp\www\coolbook\data\runtime\Cache\admin\6090765389774d6a15ddce11022e141b.php 第 122 行.
NOTIC: [8] Undefined index: extension E:\wamp\www\coolbook\_core\Common\functions.php 第 235 行.
NOTIC: [8] Undefined index: extension E:\wamp\www\coolbook\_core\Common\functions.php 第 235 行.
NOTIC: [8] Undefined index: colors E:\wamp\www\coolbook\data\runtime\Cache\admin\6090765389774d6a15ddce11022e141b.php 第 122 行.
NOTIC: [8] Undefined index: extension E:\wamp\www\coolbook\_core\Common\functions.php 第 235 行.
NOTIC: [8] Undefined index: extension E:\wamp\www\coolbook\_core\Common\functions.php 第 235 行.
NOTIC: [8] Undefined index: colors E:\wamp\www\coolbook\data\runtime\Cache\admin\6090765389774d6a15ddce11022e141b.php 第 122 行.
NOTIC: [8] Undefined index: extension E:\wamp\www\coolbook\_core\Common\functions.php 第 235 行.
NOTIC: [8] Undefined index: extension E:\wamp\www\coolbook\_core\Common\functions.php 第 235 行.
NOTIC: [8] Undefined index: colors E:\wamp\www\coolbook\data\runtime\Cache\admin\6090765389774d6a15ddce11022e141b.php 第 122 行.
NOTIC: [8] Undefined index: extension E:\wamp\www\coolbook\_core\Common\functions.php 第 235 行.
NOTIC: [8] Undefined index: extension E:\wamp\www\coolbook\_core\Common\functions.php 第 235 行.
NOTIC: [8] Undefined index: colors E:\wamp\www\coolbook\data\runtime\Cache\admin\6090765389774d6a15ddce11022e141b.php 第 122 行.
NOTIC: [8] Undefined index: extension E:\wamp\www\coolbook\_core\Common\functions.php 第 235 行.
NOTIC: [8] Undefined index: extension E:\wamp\www\coolbook\_core\Common\functions.php 第 235 行.
NOTIC: [8] Undefined index: colors E:\wamp\www\coolbook\data\runtime\Cache\admin\6090765389774d6a15ddce11022e141b.php 第 122 行.
NOTIC: [8] Undefined index: extension E:\wamp\www\coolbook\_core\Common\functions.php 第 235 行.
NOTIC: [8] Undefined index: extension E:\wamp\www\coolbook\_core\Common\functions.php 第 235 行.
NOTIC: [8] Undefined index: extension E:\wamp\www\coolbook\_core\Common\functions.php 第 235 行.
INFO: Run ParseTemplate Behavior [ RunTime:-0.343242s ]
INFO: [ view_parse ] --END-- [ RunTime:0.447000s ]
INFO: [ view_filter ] --START--
INFO: Run ContentReplace Behavior [ RunTime:-0.757141s ]
INFO: Run TokenBuild Behavior [ RunTime:-0.784783s ]
INFO: Run WriteHtmlCache Behavior [ RunTime:-0.792807s ]
INFO: Run ShowRuntime Behavior [ RunTime:-0.794030s ]
INFO: Run content_replace Behavior [ RunTime:-0.803453s ]
INFO: [ view_filter ] --END-- [ RunTime:0.058166s ]
INFO: [ view_end ] --START--
INFO: Run ShowPageTrace Behavior [ RunTime:-0.815574s ]
INFO: [ view_end ] --END-- [ RunTime:0.012019s ]

[ 2013-01-18T15:20:44+08:00 ] 0.0.0.0 /coolbook/?g=admin&m=item&a=edit&id=58&menuid=52
INFO: [ app_begin ] --START--
INFO: Run ReadHtmlCache Behavior [ RunTime:0.001063s ]
SQL: SHOW COLUMNS FROM `pin_ipban` [ RunTime:0.008759s ]
SQL: DELETE FROM `pin_ipban` WHERE expires_time <> 0 AND expires_time < 1358493644 [ RunTime:0.000399s ]
SQL: SELECT COUNT(*) AS tp_count FROM `pin_ipban` WHERE ( `type` = 'ip' ) AND ( `name` = '0.0.0.0' ) LIMIT 1   [ RunTime:0.000344s ]
INFO: Run check_ipban Behavior [ RunTime:-0.000108s ]
INFO: Run load_lang Behavior [ RunTime:-0.024643s ]
INFO: [ app_begin ] --END-- [ RunTime:0.029361s ]
SQL: SHOW COLUMNS FROM `pin_menu` [ RunTime:0.007724s ]
SQL: SHOW COLUMNS FROM `pin_menu` [ RunTime:0.006663s ]
SQL: SELECT * FROM `pin_menu` WHERE (  ( `pid` = 52 ) ) AND ( `display` = 1 ) ORDER BY ordid  [ RunTime:0.000643s ]
SQL: SHOW COLUMNS FROM `pin_item` [ RunTime:0.008384s ]
SQL: SHOW COLUMNS FROM `pin_item_cate` [ RunTime:0.008420s ]
SQL: SELECT * FROM `pin_item` WHERE ( `id` = 58 ) LIMIT 1   [ RunTime:0.012910s ]
SQL: SELECT `spid` FROM `pin_item_cate` WHERE ( `id` = 85 ) LIMIT 1   [ RunTime:0.000471s ]
SQL: SHOW COLUMNS FROM `pin_item_orig` [ RunTime:0.014199s ]
SQL: SELECT * FROM `pin_item_orig`  [ RunTime:0.000490s ]
SQL: SHOW COLUMNS FROM `pin_item_img` [ RunTime:0.045331s ]
SQL: SELECT * FROM `pin_item_img` WHERE ( `item_id` = 58 )  [ RunTime:0.000626s ]
SQL: SHOW COLUMNS FROM `pin_item_attr` [ RunTime:0.006919s ]
SQL: SELECT * FROM `pin_item_attr` WHERE ( `item_id` = 58 )  [ RunTime:0.000418s ]
INFO: [ view_template ] --START--
INFO: Run basic_template Behavior [ RunTime:-0.167177s ]
INFO: [ view_template ] --END-- [ RunTime:0.002211s ]
INFO: [ view_parse ] --START--
INFO: [ view_template ] --START--
INFO: Run basic_template Behavior [ RunTime:-0.216390s ]
INFO: [ view_template ] --END-- [ RunTime:-0.046932s ]
INFO: [ view_template ] --START--
INFO: Run basic_template Behavior [ RunTime:-0.220080s ]
INFO: [ view_template ] --END-- [ RunTime:-0.050667s ]
NOTIC: [8] Undefined index: extension E:\wamp\www\coolbook\_core\Common\functions.php 第 235 行.
NOTIC: [8] Undefined index: extension E:\wamp\www\coolbook\_core\Common\functions.php 第 235 行.
NOTIC: [8] Undefined index: extension E:\wamp\www\coolbook\_core\Common\functions.php 第 235 行.
NOTIC: [8] Undefined index: extension E:\wamp\www\coolbook\_core\Common\functions.php 第 235 行.
NOTIC: [8] Undefined index: extension E:\wamp\www\coolbook\_core\Common\functions.php 第 235 行.
NOTIC: [8] Undefined index: extension E:\wamp\www\coolbook\_core\Common\functions.php 第 235 行.
NOTIC: [8] Undefined index: extension E:\wamp\www\coolbook\_core\Common\functions.php 第 235 行.
INFO: Run ParseTemplate Behavior [ RunTime:-0.220080s ]
INFO: [ view_parse ] --END-- [ RunTime:0.108867s ]
INFO: [ view_filter ] --START--
INFO: Run ContentReplace Behavior [ RunTime:-0.278701s ]
INFO: Run TokenBuild Behavior [ RunTime:-0.281607s ]
INFO: Run WriteHtmlCache Behavior [ RunTime:-0.282656s ]
INFO: Run ShowRuntime Behavior [ RunTime:-0.283387s ]
INFO: Run content_replace Behavior [ RunTime:-0.284523s ]
INFO: [ view_filter ] --END-- [ RunTime:0.007073s ]
INFO: [ view_end ] --START--
INFO: Run ShowPageTrace Behavior [ RunTime:-0.285975s ]
INFO: [ view_end ] --END-- [ RunTime:0.001621s ]

[ 2013-01-18T16:43:05+08:00 ] 0.0.0.0 /coolbook/?g=admin&m=index&a=left
INFO: [ app_begin ] --START--
INFO: Run ReadHtmlCache Behavior [ RunTime:0.013292s ]
SQL: SHOW COLUMNS FROM `pin_ipban` [ RunTime:0.040738s ]
SQL: DELETE FROM `pin_ipban` WHERE expires_time <> 0 AND expires_time < 1358498584 [ RunTime:0.000462s ]
SQL: SELECT COUNT(*) AS tp_count FROM `pin_ipban` WHERE ( `type` = 'ip' ) AND ( `name` = '0.0.0.0' ) LIMIT 1   [ RunTime:0.000420s ]
INFO: Run check_ipban Behavior [ RunTime:-0.000097s ]
INFO: Run load_lang Behavior [ RunTime:-0.110148s ]
INFO: [ app_begin ] --END-- [ RunTime:0.139581s ]
SQL: SHOW COLUMNS FROM `pin_menu` [ RunTime:0.020981s ]
SQL: SHOW COLUMNS FROM `pin_menu` [ RunTime:0.007446s ]
SQL: SELECT * FROM `pin_menu` WHERE (  ( `pid` = 1 ) ) AND ( `display` = 1 ) ORDER BY ordid  [ RunTime:0.013556s ]
SQL: SELECT * FROM `pin_menu` WHERE (  ( `pid` = 1 ) ) AND ( `display` = 1 ) ORDER BY ordid  [ RunTime:0.000598s ]
SQL: SELECT * FROM `pin_menu` WHERE (  ( `pid` = 2 ) ) AND ( `display` = 1 ) ORDER BY ordid  [ RunTime:0.000634s ]
SQL: SELECT * FROM `pin_menu` WHERE (  ( `pid` = 216 ) ) AND ( `display` = 1 ) ORDER BY ordid  [ RunTime:0.000696s ]
SQL: SELECT * FROM `pin_menu` WHERE (  ( `pid` = 60 ) ) AND ( `display` = 1 ) ORDER BY ordid  [ RunTime:0.000611s ]
INFO: [ view_template ] --START--
INFO: Run basic_template Behavior [ RunTime:-0.261209s ]
INFO: [ view_template ] --END-- [ RunTime:0.016838s ]
INFO: [ view_parse ] --START--
NOTIC: [8] Undefined index: extension E:\wamp\www\coolbook\_core\Common\functions.php 第 235 行.
NOTIC: [8] Undefined index: extension E:\wamp\www\coolbook\_core\Common\functions.php 第 235 行.
NOTIC: [8] Undefined index: extension E:\wamp\www\coolbook\_core\Common\functions.php 第 235 行.
NOTIC: [8] Undefined index: extension E:\wamp\www\coolbook\_core\Common\functions.php 第 235 行.
NOTIC: [8] Undefined index: extension E:\wamp\www\coolbook\_core\Common\functions.php 第 235 行.
NOTIC: [8] Undefined index: extension E:\wamp\www\coolbook\_core\Common\functions.php 第 235 行.
NOTIC: [8] Undefined index: extension E:\wamp\www\coolbook\_core\Common\functions.php 第 235 行.
NOTIC: [8] Undefined index: extension E:\wamp\www\coolbook\_core\Common\functions.php 第 235 行.
NOTIC: [8] Undefined index: extension E:\wamp\www\coolbook\_core\Common\functions.php 第 235 行.
NOTIC: [8] Undefined index: extension E:\wamp\www\coolbook\_core\Common\functions.php 第 235 行.
NOTIC: [8] Undefined index: extension E:\wamp\www\coolbook\_core\Common\functions.php 第 235 行.
INFO: Run ParseTemplate Behavior [ RunTime:-0.278206s ]
INFO: [ view_parse ] --END-- [ RunTime:0.108651s ]
INFO: [ view_filter ] --START--
INFO: Run ContentReplace Behavior [ RunTime:-0.386988s ]
INFO: Run TokenBuild Behavior [ RunTime:-0.400921s ]
INFO: Run WriteHtmlCache Behavior [ RunTime:-0.407626s ]
INFO: Run ShowRuntime Behavior [ RunTime:-0.409096s ]
INFO: Run content_replace Behavior [ RunTime:-0.411718s ]
INFO: [ view_filter ] --END-- [ RunTime:0.026012s ]
INFO: [ view_end ] --START--
INFO: Run ShowPageTrace Behavior [ RunTime:-0.413206s ]
INFO: [ view_end ] --END-- [ RunTime:0.014357s ]

[ 2013-01-18T16:43:08+08:00 ] 0.0.0.0 /coolbook/?g=admin&m=admin_role&a=index&menuid=65
INFO: [ app_begin ] --START--
INFO: Run ReadHtmlCache Behavior [ RunTime:0.000877s ]
SQL: SHOW COLUMNS FROM `pin_ipban` [ RunTime:0.007609s ]
SQL: DELETE FROM `pin_ipban` WHERE expires_time <> 0 AND expires_time < 1358498587 [ RunTime:0.000627s ]
SQL: SELECT COUNT(*) AS tp_count FROM `pin_ipban` WHERE ( `type` = 'ip' ) AND ( `name` = '0.0.0.0' ) LIMIT 1   [ RunTime:0.000360s ]
INFO: Run check_ipban Behavior [ RunTime:-0.000111s ]
INFO: Run load_lang Behavior [ RunTime:-0.033731s ]
INFO: [ app_begin ] --END-- [ RunTime:0.037891s ]
SQL: SHOW COLUMNS FROM `pin_menu` [ RunTime:0.007270s ]
SQL: SHOW COLUMNS FROM `pin_menu` [ RunTime:0.007543s ]
SQL: SELECT * FROM `pin_menu` WHERE (  ( `pid` = 65 ) ) AND ( `display` = 1 ) ORDER BY ordid  [ RunTime:0.000638s ]
NOTIC: [2] Invalid argument supplied for foreach() E:\wamp\www\coolbook\app\Lib\Action\backendAction.class.php 第 19 行.
NOTIC: [2] Invalid argument supplied for foreach() E:\wamp\www\coolbook\app\Lib\Action\backendAction.class.php 第 26 行.
SQL: SHOW COLUMNS FROM `pin_admin_role` [ RunTime:0.032071s ]
NOTIC: [8] Undefined index: extension E:\wamp\www\coolbook\_core\Common\functions.php 第 235 行.
SQL: SELECT COUNT(id) AS tp_count FROM `pin_admin_role` LIMIT 1   [ RunTime:0.000546s ]
NOTIC: [8] Undefined index: extension E:\wamp\www\coolbook\_core\Common\functions.php 第 235 行.
SQL: SELECT * FROM `pin_admin_role` ORDER BY id DESC LIMIT 0,20   [ RunTime:0.000512s ]
NOTIC: [8] Undefined index: mapping_order E:\wamp\www\coolbook\app\Extend\Model\RelationModel.class.php 第 197 行.
NOTIC: [8] Undefined index: mapping_limit E:\wamp\www\coolbook\app\Extend\Model\RelationModel.class.php 第 198 行.
SQL: SELECT b.* FROM pin_admin_auth AS a, pin_menu AS b WHERE a.menu_id = b.id AND a. role_id='1' [ RunTime:0.012805s ]
INFO: [ view_template ] --START--
INFO: Run basic_template Behavior [ RunTime:-0.218563s ]
INFO: [ view_template ] --END-- [ RunTime:0.015783s ]
INFO: [ view_parse ] --START--
INFO: [ view_template ] --START--
INFO: Run basic_template Behavior [ RunTime:-0.273743s ]
INFO: [ view_template ] --END-- [ RunTime:-0.039356s ]
INFO: [ view_template ] --START--
INFO: Run basic_template Behavior [ RunTime:-0.288485s ]
INFO: [ view_template ] --END-- [ RunTime:-0.054113s ]
NOTIC: [8] Undefined index: extension E:\wamp\www\coolbook\_core\Common\functions.php 第 235 行.
NOTIC: [8] Undefined index: extension E:\wamp\www\coolbook\_core\Common\functions.php 第 235 行.
NOTIC: [8] Undefined index: extension E:\wamp\www\coolbook\_core\Common\functions.php 第 235 行.
NOTIC: [8] Undefined index: extension E:\wamp\www\coolbook\_core\Common\functions.php 第 235 行.
NOTIC: [8] Undefined index: extension E:\wamp\www\coolbook\_core\Common\functions.php 第 235 行.
INFO: Run ParseTemplate Behavior [ RunTime:-0.288485s ]
INFO: [ view_parse ] --END-- [ RunTime:0.166133s ]
INFO: [ view_filter ] --START--
INFO: Run ContentReplace Behavior [ RunTime:-0.400811s ]
INFO: Run TokenBuild Behavior [ RunTime:-0.401860s ]
INFO: Run WriteHtmlCache Behavior [ RunTime:-0.402851s ]
INFO: Run ShowRuntime Behavior [ RunTime:-0.403586s ]
INFO: Run content_replace Behavior [ RunTime:-0.404721s ]
INFO: [ view_filter ] --END-- [ RunTime:0.004907s ]
INFO: [ view_end ] --START--
INFO: Run ShowPageTrace Behavior [ RunTime:-0.405944s ]
INFO: [ view_end ] --END-- [ RunTime:0.001290s ]

[ 2013-01-18T16:43:10+08:00 ] 0.0.0.0 /coolbook/?g=admin&m=admin&a=index&menuid=61
INFO: [ app_begin ] --START--
INFO: Run ReadHtmlCache Behavior [ RunTime:0.000907s ]
SQL: SHOW COLUMNS FROM `pin_ipban` [ RunTime:0.009620s ]
SQL: DELETE FROM `pin_ipban` WHERE expires_time <> 0 AND expires_time < 1358498590 [ RunTime:0.000379s ]
SQL: SELECT COUNT(*) AS tp_count FROM `pin_ipban` WHERE ( `type` = 'ip' ) AND ( `name` = '0.0.0.0' ) LIMIT 1   [ RunTime:0.000350s ]
INFO: Run check_ipban Behavior [ RunTime:-0.000118s ]
INFO: Run load_lang Behavior [ RunTime:-0.036317s ]
INFO: [ app_begin ] --END-- [ RunTime:0.040250s ]
SQL: SHOW COLUMNS FROM `pin_menu` [ RunTime:0.009172s ]
SQL: SHOW COLUMNS FROM `pin_menu` [ RunTime:0.006144s ]
SQL: SELECT * FROM `pin_menu` WHERE (  ( `pid` = 61 ) ) AND ( `display` = 1 ) ORDER BY ordid  [ RunTime:0.000598s ]
NOTIC: [2] Invalid argument supplied for foreach() E:\wamp\www\coolbook\app\Lib\Action\backendAction.class.php 第 19 行.
NOTIC: [2] Invalid argument supplied for foreach() E:\wamp\www\coolbook\app\Lib\Action\backendAction.class.php 第 26 行.
SQL: SHOW COLUMNS FROM `pin_admin` [ RunTime:0.018577s ]
NOTIC: [8] Undefined index: extension E:\wamp\www\coolbook\_core\Common\functions.php 第 235 行.
SQL: SELECT COUNT(id) AS tp_count FROM `pin_admin` LIMIT 1   [ RunTime:0.000719s ]
NOTIC: [8] Undefined index: extension E:\wamp\www\coolbook\_core\Common\functions.php 第 235 行.
SQL: SELECT * FROM `pin_admin` ORDER BY id DESC LIMIT 0,20   [ RunTime:0.000695s ]
SQL: SHOW COLUMNS FROM `pin_admin_role` [ RunTime:0.006565s ]
SQL: SELECT * FROM `pin_admin_role` WHERE 1=1 AND id='1' LIMIT 1   [ RunTime:0.000503s ]
INFO: [ view_template ] --START--
INFO: Run basic_template Behavior [ RunTime:-0.134463s ]
INFO: [ view_template ] --END-- [ RunTime:0.010396s ]
INFO: [ view_parse ] --START--
INFO: [ view_template ] --START--
INFO: Run basic_template Behavior [ RunTime:-0.160257s ]
INFO: [ view_template ] --END-- [ RunTime:-0.015376s ]
INFO: [ view_template ] --START--
INFO: Run basic_template Behavior [ RunTime:-0.161646s ]
INFO: [ view_template ] --END-- [ RunTime:-0.016727s ]
NOTIC: [8] Undefined index: extension E:\wamp\www\coolbook\_core\Common\functions.php 第 235 行.
NOTIC: [8] Undefined index: extension E:\wamp\www\coolbook\_core\Common\functions.php 第 235 行.
NOTIC: [8] Undefined index: extension E:\wamp\www\coolbook\_core\Common\functions.php 第 235 行.
NOTIC: [8] Undefined index: extension E:\wamp\www\coolbook\_core\Common\functions.php 第 235 行.
INFO: Run ParseTemplate Behavior [ RunTime:-0.161646s ]
INFO: [ view_parse ] --END-- [ RunTime:0.058949s ]
INFO: [ view_filter ] --START--
INFO: Run ContentReplace Behavior [ RunTime:-0.204148s ]
INFO: Run TokenBuild Behavior [ RunTime:-0.205282s ]
INFO: Run WriteHtmlCache Behavior [ RunTime:-0.206349s ]
INFO: Run ShowRuntime Behavior [ RunTime:-0.207123s ]
INFO: Run content_replace Behavior [ RunTime:-0.208318s ]
INFO: [ view_filter ] --END-- [ RunTime:0.005204s ]
INFO: [ view_end ] --START--
INFO: Run ShowPageTrace Behavior [ RunTime:-0.209579s ]
INFO: [ view_end ] --END-- [ RunTime:0.001333s ]

[ 2013-01-18T16:43:12+08:00 ] 0.0.0.0 /coolbook/?g=admin&m=admin_role&a=index&menuid=65
INFO: [ app_begin ] --START--
INFO: Run ReadHtmlCache Behavior [ RunTime:0.001001s ]
SQL: SHOW COLUMNS FROM `pin_ipban` [ RunTime:0.008415s ]
SQL: DELETE FROM `pin_ipban` WHERE expires_time <> 0 AND expires_time < 1358498591 [ RunTime:0.000732s ]
SQL: SELECT COUNT(*) AS tp_count FROM `pin_ipban` WHERE ( `type` = 'ip' ) AND ( `name` = '0.0.0.0' ) LIMIT 1   [ RunTime:0.000353s ]
INFO: Run check_ipban Behavior [ RunTime:-0.000119s ]
INFO: Run load_lang Behavior [ RunTime:-0.027116s ]
INFO: [ app_begin ] --END-- [ RunTime:0.031528s ]
SQL: SHOW COLUMNS FROM `pin_menu` [ RunTime:0.007937s ]
SQL: SHOW COLUMNS FROM `pin_menu` [ RunTime:0.007622s ]
SQL: SELECT * FROM `pin_menu` WHERE (  ( `pid` = 65 ) ) AND ( `display` = 1 ) ORDER BY ordid  [ RunTime:0.001015s ]
NOTIC: [2] Invalid argument supplied for foreach() E:\wamp\www\coolbook\app\Lib\Action\backendAction.class.php 第 19 行.
NOTIC: [2] Invalid argument supplied for foreach() E:\wamp\www\coolbook\app\Lib\Action\backendAction.class.php 第 26 行.
SQL: SHOW COLUMNS FROM `pin_admin_role` [ RunTime:0.007899s ]
NOTIC: [8] Undefined index: extension E:\wamp\www\coolbook\_core\Common\functions.php 第 235 行.
SQL: SELECT COUNT(id) AS tp_count FROM `pin_admin_role` LIMIT 1   [ RunTime:0.000384s ]
NOTIC: [8] Undefined index: extension E:\wamp\www\coolbook\_core\Common\functions.php 第 235 行.
SQL: SELECT * FROM `pin_admin_role` ORDER BY id DESC LIMIT 0,20   [ RunTime:0.000474s ]
NOTIC: [8] Undefined index: mapping_order E:\wamp\www\coolbook\app\Extend\Model\RelationModel.class.php 第 197 行.
NOTIC: [8] Undefined index: mapping_limit E:\wamp\www\coolbook\app\Extend\Model\RelationModel.class.php 第 198 行.
SQL: SELECT b.* FROM pin_admin_auth AS a, pin_menu AS b WHERE a.menu_id = b.id AND a. role_id='1' [ RunTime:0.000392s ]
INFO: [ view_template ] --START--
INFO: Run basic_template Behavior [ RunTime:-0.075668s ]
INFO: [ view_template ] --END-- [ RunTime:0.001798s ]
INFO: [ view_parse ] --START--
INFO: [ view_template ] --START--
INFO: Run basic_template Behavior [ RunTime:-0.082305s ]
INFO: [ view_template ] --END-- [ RunTime:-0.004805s ]
INFO: [ view_template ] --START--
INFO: Run basic_template Behavior [ RunTime:-0.088254s ]
INFO: [ view_template ] --END-- [ RunTime:-0.010763s ]
NOTIC: [8] Undefined index: extension E:\wamp\www\coolbook\_core\Common\functions.php 第 235 行.
NOTIC: [8] Undefined index: extension E:\wamp\www\coolbook\_core\Common\functions.php 第 235 行.
NOTIC: [8] Undefined index: extension E:\wamp\www\coolbook\_core\Common\functions.php 第 235 行.
NOTIC: [8] Undefined index: extension E:\wamp\www\coolbook\_core\Common\functions.php 第 235 行.
NOTIC: [8] Undefined index: extension E:\wamp\www\coolbook\_core\Common\functions.php 第 235 行.
INFO: Run ParseTemplate Behavior [ RunTime:-0.088254s ]
INFO: [ view_parse ] --END-- [ RunTime:0.041796s ]
INFO: [ view_filter ] --START--
INFO: Run ContentReplace Behavior [ RunTime:-0.119622s ]
INFO: Run TokenBuild Behavior [ RunTime:-0.122342s ]
INFO: Run WriteHtmlCache Behavior [ RunTime:-0.124298s ]
INFO: Run ShowRuntime Behavior [ RunTime:-0.125286s ]
INFO: Run content_replace Behavior [ RunTime:-0.126549s ]
INFO: [ view_filter ] --END-- [ RunTime:0.007951s ]
INFO: [ view_end ] --START--
INFO: Run ShowPageTrace Behavior [ RunTime:-0.127796s ]
INFO: [ view_end ] --END-- [ RunTime:0.001291s ]

[ 2013-01-18T16:43:12+08:00 ] 0.0.0.0 /coolbook/?g=admin&m=index&a=left
INFO: [ app_begin ] --START--
INFO: Run ReadHtmlCache Behavior [ RunTime:0.000914s ]
SQL: SHOW COLUMNS FROM `pin_ipban` [ RunTime:0.009013s ]
SQL: DELETE FROM `pin_ipban` WHERE expires_time <> 0 AND expires_time < 1358498592 [ RunTime:0.000437s ]
SQL: SELECT COUNT(*) AS tp_count FROM `pin_ipban` WHERE ( `type` = 'ip' ) AND ( `name` = '0.0.0.0' ) LIMIT 1   [ RunTime:0.000432s ]
INFO: Run check_ipban Behavior [ RunTime:-0.000102s ]
INFO: Run load_lang Behavior [ RunTime:-0.033418s ]
INFO: [ app_begin ] --END-- [ RunTime:0.037126s ]
SQL: SHOW COLUMNS FROM `pin_menu` [ RunTime:0.009160s ]
SQL: SHOW COLUMNS FROM `pin_menu` [ RunTime:0.007903s ]
SQL: SELECT * FROM `pin_menu` WHERE (  ( `pid` = 70 ) ) AND ( `display` = 1 ) ORDER BY ordid  [ RunTime:0.000697s ]
SQL: SELECT * FROM `pin_menu` WHERE (  ( `pid` = 70 ) ) AND ( `display` = 1 ) ORDER BY ordid  [ RunTime:0.000648s ]
SQL: SELECT * FROM `pin_menu` WHERE (  ( `pid` = 117 ) ) AND ( `display` = 1 ) ORDER BY ordid  [ RunTime:0.000611s ]
SQL: SELECT * FROM `pin_menu` WHERE (  ( `pid` = 232 ) ) AND ( `display` = 1 ) ORDER BY ordid  [ RunTime:0.001390s ]
SQL: SELECT * FROM `pin_menu` WHERE (  ( `pid` = 256 ) ) AND ( `display` = 1 ) ORDER BY ordid  [ RunTime:0.002097s ]
INFO: [ view_template ] --START--
INFO: Run basic_template Behavior [ RunTime:-0.073274s ]
INFO: [ view_template ] --END-- [ RunTime:0.002209s ]
INFO: [ view_parse ] --START--
NOTIC: [8] Undefined index: extension E:\wamp\www\coolbook\_core\Common\functions.php 第 235 行.
NOTIC: [8] Undefined index: extension E:\wamp\www\coolbook\_core\Common\functions.php 第 235 行.
NOTIC: [8] Undefined index: extension E:\wamp\www\coolbook\_core\Common\functions.php 第 235 行.
NOTIC: [8] Undefined index: extension E:\wamp\www\coolbook\_core\Common\functions.php 第 235 行.
NOTIC: [8] Undefined index: extension E:\wamp\www\coolbook\_core\Common\functions.php 第 235 行.
NOTIC: [8] Undefined index: extension E:\wamp\www\coolbook\_core\Common\functions.php 第 235 行.
NOTIC: [8] Undefined index: extension E:\wamp\www\coolbook\_core\Common\functions.php 第 235 行.
NOTIC: [8] Undefined index: extension E:\wamp\www\coolbook\_core\Common\functions.php 第 235 行.
INFO: Run ParseTemplate Behavior [ RunTime:-0.075643s ]
INFO: [ view_parse ] --END-- [ RunTime:0.024910s ]
INFO: [ view_filter ] --START--
INFO: Run ContentReplace Behavior [ RunTime:-0.100694s ]
INFO: Run TokenBuild Behavior [ RunTime:-0.101872s ]
INFO: Run WriteHtmlCache Behavior [ RunTime:-0.103008s ]
INFO: Run ShowRuntime Behavior [ RunTime:-0.103873s ]
INFO: Run content_replace Behavior [ RunTime:-0.105151s ]
INFO: [ view_filter ] --END-- [ RunTime:0.005569s ]
INFO: [ view_end ] --START--
INFO: Run ShowPageTrace Behavior [ RunTime:-0.106490s ]
INFO: [ view_end ] --END-- [ RunTime:0.001429s ]

[ 2013-01-18T16:43:14+08:00 ] 0.0.0.0 /coolbook/?g=admin&m=user&a=index&menuid=149
INFO: [ app_begin ] --START--
INFO: Run ReadHtmlCache Behavior [ RunTime:0.000912s ]
SQL: SHOW COLUMNS FROM `pin_ipban` [ RunTime:0.007663s ]
SQL: DELETE FROM `pin_ipban` WHERE expires_time <> 0 AND expires_time < 1358498593 [ RunTime:0.000436s ]
SQL: SELECT COUNT(*) AS tp_count FROM `pin_ipban` WHERE ( `type` = 'ip' ) AND ( `name` = '0.0.0.0' ) LIMIT 1   [ RunTime:0.000410s ]
INFO: Run check_ipban Behavior [ RunTime:-0.000113s ]
INFO: Run load_lang Behavior [ RunTime:-0.026425s ]
INFO: [ app_begin ] --END-- [ RunTime:0.030958s ]
SQL: SHOW COLUMNS FROM `pin_menu` [ RunTime:0.007845s ]
SQL: SHOW COLUMNS FROM `pin_menu` [ RunTime:0.035292s ]
SQL: SELECT * FROM `pin_menu` WHERE (  ( `pid` = 149 ) ) AND ( `display` = 1 ) ORDER BY ordid  [ RunTime:0.000650s ]
NOTIC: [2] strpos() [<a href='function.strpos'>function.strpos</a>]: Empty delimiter E:\wamp\www\coolbook\app\Lib\Action\backendAction.class.php 第 21 行.
SQL: SHOW COLUMNS FROM `pin_user` [ RunTime:0.039691s ]
NOTIC: [8] Undefined index: extension E:\wamp\www\coolbook\_core\Common\functions.php 第 235 行.
SQL: SELECT COUNT(id) AS tp_count FROM `pin_user` LIMIT 1   [ RunTime:0.000384s ]
NOTIC: [8] Undefined index: extension E:\wamp\www\coolbook\_core\Common\functions.php 第 235 行.
SQL: SELECT * FROM `pin_user` ORDER BY id DESC LIMIT 0,20   [ RunTime:0.000938s ]
INFO: [ view_template ] --START--
INFO: Run basic_template Behavior [ RunTime:-0.201280s ]
INFO: [ view_template ] --END-- [ RunTime:0.025507s ]
INFO: [ view_parse ] --START--
INFO: [ view_template ] --START--
INFO: Run basic_template Behavior [ RunTime:-0.260008s ]
INFO: [ view_template ] --END-- [ RunTime:-0.034178s ]
INFO: [ view_template ] --START--
INFO: Run basic_template Behavior [ RunTime:-0.261275s ]
INFO: [ view_template ] --END-- [ RunTime:-0.035450s ]
NOTIC: [8] Undefined index: extension E:\wamp\www\coolbook\_core\Common\functions.php 第 235 行.
NOTIC: [8] Undefined index: extension E:\wamp\www\coolbook\_core\Common\functions.php 第 235 行.
NOTIC: [8] Undefined index: extension E:\wamp\www\coolbook\_core\Common\functions.php 第 235 行.
NOTIC: [8] Undefined index: extension E:\wamp\www\coolbook\_core\Common\functions.php 第 235 行.
NOTIC: [8] Undefined index: extension E:\wamp\www\coolbook\_core\Common\functions.php 第 235 行.
NOTIC: [8] Undefined index: extension E:\wamp\www\coolbook\_core\Common\functions.php 第 235 行.
NOTIC: [8] Undefined index: extension E:\wamp\www\coolbook\_core\Common\functions.php 第 235 行.
NOTIC: [8] Undefined index: extension E:\wamp\www\coolbook\_core\Common\functions.php 第 235 行.
NOTIC: [8] Undefined index: extension E:\wamp\www\coolbook\_core\Common\functions.php 第 235 行.
NOTIC: [8] Undefined index: extension E:\wamp\www\coolbook\_core\Common\functions.php 第 235 行.
NOTIC: [8] Undefined index: extension E:\wamp\www\coolbook\_core\Common\functions.php 第 235 行.
NOTIC: [8] Undefined index: extension E:\wamp\www\coolbook\_core\Common\functions.php 第 235 行.
NOTIC: [8] Undefined index: extension E:\wamp\www\coolbook\_core\Common\functions.php 第 235 行.
NOTIC: [8] Undefined index: extension E:\wamp\www\coolbook\_core\Common\functions.php 第 235 行.
NOTIC: [8] Undefined index: extension E:\wamp\www\coolbook\_core\Common\functions.php 第 235 行.
NOTIC: [8] Undefined index: extension E:\wamp\www\coolbook\_core\Common\functions.php 第 235 行.
NOTIC: [8] Undefined index: extension E:\wamp\www\coolbook\_core\Common\functions.php 第 235 行.
NOTIC: [8] Undefined index: extension E:\wamp\www\coolbook\_core\Common\functions.php 第 235 行.
NOTIC: [8] Undefined index: extension E:\wamp\www\coolbook\_core\Common\functions.php 第 235 行.
NOTIC: [8] Undefined index: extension E:\wamp\www\coolbook\_core\Common\functions.php 第 235 行.
NOTIC: [8] Undefined index: extension E:\wamp\www\coolbook\_core\Common\functions.php 第 235 行.
NOTIC: [8] Undefined index: extension E:\wamp\www\coolbook\_core\Common\functions.php 第 235 行.
NOTIC: [8] Undefined index: extension E:\wamp\www\coolbook\_core\Common\functions.php 第 235 行.
NOTIC: [8] Undefined index: extension E:\wamp\www\coolbook\_core\Common\functions.php 第 235 行.
NOTIC: [8] Undefined index: extension E:\wamp\www\coolbook\_core\Common\functions.php 第 235 行.
NOTIC: [8] Undefined index: extension E:\wamp\www\coolbook\_core\Common\functions.php 第 235 行.
NOTIC: [8] Undefined index: extension E:\wamp\www\coolbook\_core\Common\functions.php 第 235 行.
NOTIC: [8] Undefined index: extension E:\wamp\www\coolbook\_core\Common\functions.php 第 235 行.
NOTIC: [8] Undefined index: extension E:\wamp\www\coolbook\_core\Common\functions.php 第 235 行.
NOTIC: [8] Undefined index: extension E:\wamp\www\coolbook\_core\Common\functions.php 第 235 行.
NOTIC: [8] Undefined index: extension E:\wamp\www\coolbook\_core\Common\functions.php 第 235 行.
NOTIC: [8] Undefined index: extension E:\wamp\www\coolbook\_core\Common\functions.php 第 235 行.
NOTIC: [8] Undefined index: extension E:\wamp\www\coolbook\_core\Common\functions.php 第 235 行.
NOTIC: [8] Undefined index: extension E:\wamp\www\coolbook\_core\Common\functions.php 第 235 行.
NOTIC: [8] Undefined index: extension E:\wamp\www\coolbook\_core\Common\functions.php 第 235 行.
NOTIC: [8] Undefined index: extension E:\wamp\www\coolbook\_core\Common\functions.php 第 235 行.
NOTIC: [8] Undefined index: extension E:\wamp\www\coolbook\_core\Common\functions.php 第 235 行.
NOTIC: [8] Undefined index: extension E:\wamp\www\coolbook\_core\Common\functions.php 第 235 行.
NOTIC: [8] Undefined index: extension E:\wamp\www\coolbook\_core\Common\functions.php 第 235 行.
NOTIC: [8] Undefined index: extension E:\wamp\www\coolbook\_core\Common\functions.php 第 235 行.
NOTIC: [8] Undefined index: extension E:\wamp\www\coolbook\_core\Common\functions.php 第 235 行.
NOTIC: [8] Undefined index: extension E:\wamp\www\coolbook\_core\Common\functions.php 第 235 行.
NOTIC: [8] Undefined index: extension E:\wamp\www\coolbook\_core\Common\functions.php 第 235 行.
NOTIC: [8] Undefined index: extension E:\wamp\www\coolbook\_core\Common\functions.php 第 235 行.
INFO: Run ParseTemplate Behavior [ RunTime:-0.261275s ]
INFO: [ view_parse ] --END-- [ RunTime:0.145040s ]
INFO: [ view_filter ] --START--
INFO: Run ContentReplace Behavior [ RunTime:-0.371273s ]
INFO: Run TokenBuild Behavior [ RunTime:-0.374774s ]
INFO: Run WriteHtmlCache Behavior [ RunTime:-0.375877s ]
INFO: Run ShowRuntime Behavior [ RunTime:-0.376649s ]
INFO: Run content_replace Behavior [ RunTime:-0.377854s ]
INFO: [ view_filter ] --END-- [ RunTime:0.007728s ]
INFO: [ view_end ] --START--
INFO: Run ShowPageTrace Behavior [ RunTime:-0.379231s ]
INFO: [ view_end ] --END-- [ RunTime:0.001341s ]

[ 2013-01-18T16:43:31+08:00 ] 0.0.0.0 /coolbook/?g=admin&m=index&a=left
INFO: [ app_begin ] --START--
INFO: Run ReadHtmlCache Behavior [ RunTime:0.000918s ]
SQL: SHOW COLUMNS FROM `pin_ipban` [ RunTime:0.010374s ]
SQL: DELETE FROM `pin_ipban` WHERE expires_time <> 0 AND expires_time < 1358498611 [ RunTime:0.000807s ]
SQL: SELECT COUNT(*) AS tp_count FROM `pin_ipban` WHERE ( `type` = 'ip' ) AND ( `name` = '0.0.0.0' ) LIMIT 1   [ RunTime:0.000433s ]
INFO: Run check_ipban Behavior [ RunTime:-0.000098s ]
INFO: Run load_lang Behavior [ RunTime:-0.025567s ]
INFO: [ app_begin ] --END-- [ RunTime:0.029292s ]
SQL: SHOW COLUMNS FROM `pin_menu` [ RunTime:0.007377s ]
SQL: SHOW COLUMNS FROM `pin_menu` [ RunTime:0.006446s ]
SQL: SELECT * FROM `pin_menu` WHERE (  ( `pid` = 1 ) ) AND ( `display` = 1 ) ORDER BY ordid  [ RunTime:0.000652s ]
SQL: SELECT * FROM `pin_menu` WHERE (  ( `pid` = 1 ) ) AND ( `display` = 1 ) ORDER BY ordid  [ RunTime:0.000638s ]
SQL: SELECT * FROM `pin_menu` WHERE (  ( `pid` = 2 ) ) AND ( `display` = 1 ) ORDER BY ordid  [ RunTime:0.000860s ]
SQL: SELECT * FROM `pin_menu` WHERE (  ( `pid` = 216 ) ) AND ( `display` = 1 ) ORDER BY ordid  [ RunTime:0.000646s ]
SQL: SELECT * FROM `pin_menu` WHERE (  ( `pid` = 60 ) ) AND ( `display` = 1 ) ORDER BY ordid  [ RunTime:0.000621s ]
INFO: [ view_template ] --START--
INFO: Run basic_template Behavior [ RunTime:-0.059368s ]
INFO: [ view_template ] --END-- [ RunTime:0.001531s ]
INFO: [ view_parse ] --START--
NOTIC: [8] Undefined index: extension E:\wamp\www\coolbook\_core\Common\functions.php 第 235 行.
NOTIC: [8] Undefined index: extension E:\wamp\www\coolbook\_core\Common\functions.php 第 235 行.
NOTIC: [8] Undefined index: extension E:\wamp\www\coolbook\_core\Common\functions.php 第 235 行.
NOTIC: [8] Undefined index: extension E:\wamp\www\coolbook\_core\Common\functions.php 第 235 行.
NOTIC: [8] Undefined index: extension E:\wamp\www\coolbook\_core\Common\functions.php 第 235 行.
NOTIC: [8] Undefined index: extension E:\wamp\www\coolbook\_core\Common\functions.php 第 235 行.
NOTIC: [8] Undefined index: extension E:\wamp\www\coolbook\_core\Common\functions.php 第 235 行.
NOTIC: [8] Undefined index: extension E:\wamp\www\coolbook\_core\Common\functions.php 第 235 行.
NOTIC: [8] Undefined index: extension E:\wamp\www\coolbook\_core\Common\functions.php 第 235 行.
NOTIC: [8] Undefined index: extension E:\wamp\www\coolbook\_core\Common\functions.php 第 235 行.
NOTIC: [8] Undefined index: extension E:\wamp\www\coolbook\_core\Common\functions.php 第 235 行.
INFO: Run ParseTemplate Behavior [ RunTime:-0.061058s ]
INFO: [ view_parse ] --END-- [ RunTime:0.021981s ]
INFO: [ view_filter ] --START--
INFO: Run ContentReplace Behavior [ RunTime:-0.083170s ]
INFO: Run TokenBuild Behavior [ RunTime:-0.084142s ]
INFO: Run WriteHtmlCache Behavior [ RunTime:-0.085112s ]
INFO: Run ShowRuntime Behavior [ RunTime:-0.085827s ]
INFO: Run content_replace Behavior [ RunTime:-0.087266s ]
INFO: [ view_filter ] --END-- [ RunTime:0.005073s ]
INFO: [ view_end ] --START--
INFO: Run ShowPageTrace Behavior [ RunTime:-0.088453s ]
INFO: [ view_end ] --END-- [ RunTime:0.001254s ]

[ 2013-01-18T16:43:51+08:00 ] 0.0.0.0 /coolbook/?g=admin&m=admin&a=index&menuid=61
INFO: [ app_begin ] --START--
INFO: Run ReadHtmlCache Behavior [ RunTime:0.000894s ]
SQL: SHOW COLUMNS FROM `pin_ipban` [ RunTime:0.009655s ]
SQL: DELETE FROM `pin_ipban` WHERE expires_time <> 0 AND expires_time < 1358498631 [ RunTime:0.000365s ]
SQL: SELECT COUNT(*) AS tp_count FROM `pin_ipban` WHERE ( `type` = 'ip' ) AND ( `name` = '0.0.0.0' ) LIMIT 1   [ RunTime:0.000329s ]
INFO: Run check_ipban Behavior [ RunTime:-0.000112s ]
INFO: Run load_lang Behavior [ RunTime:-0.040098s ]
INFO: [ app_begin ] --END-- [ RunTime:0.044667s ]
SQL: SHOW COLUMNS FROM `pin_menu` [ RunTime:0.010877s ]
SQL: SHOW COLUMNS FROM `pin_menu` [ RunTime:0.006620s ]
SQL: SELECT * FROM `pin_menu` WHERE (  ( `pid` = 61 ) ) AND ( `display` = 1 ) ORDER BY ordid  [ RunTime:0.000602s ]
NOTIC: [2] Invalid argument supplied for foreach() E:\wamp\www\coolbook\app\Lib\Action\backendAction.class.php 第 19 行.
NOTIC: [2] Invalid argument supplied for foreach() E:\wamp\www\coolbook\app\Lib\Action\backendAction.class.php 第 26 行.
SQL: SHOW COLUMNS FROM `pin_admin` [ RunTime:0.007848s ]
NOTIC: [8] Undefined index: extension E:\wamp\www\coolbook\_core\Common\functions.php 第 235 行.
SQL: SELECT COUNT(id) AS tp_count FROM `pin_admin` LIMIT 1   [ RunTime:0.000321s ]
NOTIC: [8] Undefined index: extension E:\wamp\www\coolbook\_core\Common\functions.php 第 235 行.
SQL: SELECT * FROM `pin_admin` ORDER BY id DESC LIMIT 0,20   [ RunTime:0.000468s ]
SQL: SHOW COLUMNS FROM `pin_admin_role` [ RunTime:0.008128s ]
SQL: SELECT * FROM `pin_admin_role` WHERE 1=1 AND id='1' LIMIT 1   [ RunTime:0.000478s ]
INFO: [ view_template ] --START--
INFO: Run basic_template Behavior [ RunTime:-0.099970s ]
INFO: [ view_template ] --END-- [ RunTime:0.001636s ]
INFO: [ view_parse ] --START--
INFO: [ view_template ] --START--
INFO: Run basic_template Behavior [ RunTime:-0.107086s ]
INFO: [ view_template ] --END-- [ RunTime:-0.005453s ]
INFO: [ view_template ] --START--
INFO: Run basic_template Behavior [ RunTime:-0.108582s ]
INFO: [ view_template ] --END-- [ RunTime:-0.006941s ]
NOTIC: [8] Undefined index: extension E:\wamp\www\coolbook\_core\Common\functions.php 第 235 行.
NOTIC: [8] Undefined index: extension E:\wamp\www\coolbook\_core\Common\functions.php 第 235 行.
NOTIC: [8] Undefined index: extension E:\wamp\www\coolbook\_core\Common\functions.php 第 235 行.
NOTIC: [8] Undefined index: extension E:\wamp\www\coolbook\_core\Common\functions.php 第 235 行.
INFO: Run ParseTemplate Behavior [ RunTime:-0.108582s ]
INFO: [ view_parse ] --END-- [ RunTime:0.037089s ]
INFO: [ view_filter ] --START--
INFO: Run ContentReplace Behavior [ RunTime:-0.139028s ]
INFO: Run TokenBuild Behavior [ RunTime:-0.140106s ]
INFO: Run WriteHtmlCache Behavior [ RunTime:-0.141103s ]
INFO: Run ShowRuntime Behavior [ RunTime:-0.142005s ]
INFO: Run content_replace Behavior [ RunTime:-0.143686s ]
INFO: [ view_filter ] --END-- [ RunTime:0.005664s ]
INFO: [ view_end ] --START--
INFO: Run ShowPageTrace Behavior [ RunTime:-0.144918s ]
INFO: [ view_end ] --END-- [ RunTime:0.001335s ]

