[ 2013-01-17T18:07:18+08:00 ] ERR: (ThinkException) Model:relation您所请求的方法不存在！
[ 2013-01-17T18:10:08+08:00 ] 0.0.0.0 /coolbook/?g=admin&m=brand&a=index&menuid=288
INFO: [ app_begin ] --START--
INFO: Run ReadHtmlCache Behavior [ RunTime:0.001110s ]
SQL: SHOW COLUMNS FROM `pin_ipban` [ RunTime:0.008444s ]
SQL: DELETE FROM `pin_ipban` WHERE expires_time <> 0 AND expires_time < 1358417407 [ RunTime:0.000497s ]
SQL: SELECT COUNT(*) AS tp_count FROM `pin_ipban` WHERE ( `type` = 'ip' ) AND ( `name` = '0.0.0.0' ) LIMIT 1   [ RunTime:0.000399s ]
INFO: Run check_ipban Behavior [ RunTime:-0.000116s ]
INFO: Run load_lang Behavior [ RunTime:-0.037606s ]
INFO: [ app_begin ] --END-- [ RunTime:0.042029s ]
SQL: SHOW COLUMNS FROM `pin_menu` [ RunTime:0.008823s ]
SQL: SHOW COLUMNS FROM `pin_menu` [ RunTime:0.007693s ]
SQL: SELECT * FROM `pin_menu` WHERE (  ( `pid` = 288 ) ) AND ( `display` = 1 ) ORDER BY ordid  [ RunTime:0.000633s ]
NOTIC: [2] Invalid argument supplied for foreach() E:\wamp\www\coolbook\app\Lib\Action\backendAction.class.php 第 19 行.
NOTIC: [2] Invalid argument supplied for foreach() E:\wamp\www\coolbook\app\Lib\Action\backendAction.class.php 第 26 行.
SQL: SHOW COLUMNS FROM `pin_brand` [ RunTime:0.007413s ]
NOTIC: [8] Undefined index: extension E:\wamp\www\coolbook\_core\Common\functions.php 第 235 行.
SQL: SELECT COUNT(id) AS tp_count FROM `pin_brand` LIMIT 1   [ RunTime:0.000949s ]
SQL: SELECT * FROM `pin_brand` ORDER BY ordid ASC LIMIT 0,20   [ RunTime:0.000418s ]
INFO: [ view_template ] --START--
INFO: Run basic_template Behavior [ RunTime:-0.101419s ]
INFO: [ view_template ] --END-- [ RunTime:0.001788s ]
INFO: [ view_parse ] --START--
INFO: [ view_template ] --START--
INFO: Run basic_template Behavior [ RunTime:-0.113613s ]
INFO: [ view_template ] --END-- [ RunTime:-0.010328s ]
INFO: [ view_template ] --START--
INFO: Run basic_template Behavior [ RunTime:-0.115744s ]
INFO: [ view_template ] --END-- [ RunTime:-0.012520s ]
NOTIC: [8] Undefined index: extension E:\wamp\www\coolbook\_core\Common\functions.php 第 235 行.
NOTIC: [8] Undefined index: extension E:\wamp\www\coolbook\_core\Common\functions.php 第 235 行.
INFO: Run ParseTemplate Behavior [ RunTime:-0.115744s ]
INFO: [ view_parse ] --END-- [ RunTime:0.060535s ]
INFO: [ view_filter ] --START--
INFO: Run ContentReplace Behavior [ RunTime:-0.164203s ]
INFO: Run TokenBuild Behavior [ RunTime:-0.165346s ]
INFO: Run WriteHtmlCache Behavior [ RunTime:-0.166402s ]
INFO: Run ShowRuntime Behavior [ RunTime:-0.167178s ]
INFO: Run content_replace Behavior [ RunTime:-0.168344s ]
INFO: [ view_filter ] --END-- [ RunTime:0.005208s ]
INFO: [ view_end ] --START--
INFO: Run ShowPageTrace Behavior [ RunTime:-0.169681s ]
INFO: [ view_end ] --END-- [ RunTime:0.002741s ]

